Using pre-set license
Built from '2022.3/china_unity/release' branch; Version is '2022.3.55f1c1 (06b99830297d) revision 440728'; Using compiler version '192829333'; Build Type 'Release'
OS: 'Windows 11  (10.0.26100) 64bit CoreCountrySpecific' Language: 'zh' Physical Memory: 16236 MB
BatchMode: 1, IsHumanControllingUs: 0, StartBugReporterOnCrash: 0, Is64bit: 1, IsPro: 1

COMMAND LINE ARGUMENTS:
D:\Unity\2022.3.55f1c1\Editor\Unity.exe
-adb2
-batchMode
-noUpm
-name
AssetImportWorker2
-projectPath
D:/Unity/MMORPG/Resource/MyMmo/Src/Client
-logFile
Logs/AssetImportWorker2.log
-srvPort
50014
Successfully changed project path to: D:/Unity/MMORPG/Resource/MyMmo/Src/Client
D:/Unity/MMORPG/Resource/MyMmo/Src/Client
[UnityMemory] Configuration Parameters - Can be set up in boot.config
    "memorysetup-bucket-allocator-granularity=16"
    "memorysetup-bucket-allocator-bucket-count=8"
    "memorysetup-bucket-allocator-block-size=33554432"
    "memorysetup-bucket-allocator-block-count=8"
    "memorysetup-main-allocator-block-size=16777216"
    "memorysetup-thread-allocator-block-size=16777216"
    "memorysetup-gfx-main-allocator-block-size=16777216"
    "memorysetup-gfx-thread-allocator-block-size=16777216"
    "memorysetup-cache-allocator-block-size=4194304"
    "memorysetup-typetree-allocator-block-size=2097152"
    "memorysetup-profiler-bucket-allocator-granularity=16"
    "memorysetup-profiler-bucket-allocator-bucket-count=8"
    "memorysetup-profiler-bucket-allocator-block-size=33554432"
    "memorysetup-profiler-bucket-allocator-block-count=8"
    "memorysetup-profiler-allocator-block-size=16777216"
    "memorysetup-profiler-editor-allocator-block-size=1048576"
    "memorysetup-temp-allocator-size-main=16777216"
    "memorysetup-job-temp-allocator-block-size=2097152"
    "memorysetup-job-temp-allocator-block-size-background=1048576"
    "memorysetup-job-temp-allocator-reduction-small-platforms=262144"
    "memorysetup-allocator-temp-initial-block-size-main=262144"
    "memorysetup-allocator-temp-initial-block-size-worker=262144"
    "memorysetup-temp-allocator-size-background-worker=32768"
    "memorysetup-temp-allocator-size-job-worker=262144"
    "memorysetup-temp-allocator-size-preload-manager=33554432"
    "memorysetup-temp-allocator-size-nav-mesh-worker=65536"
    "memorysetup-temp-allocator-size-audio-worker=65536"
    "memorysetup-temp-allocator-size-cloud-worker=32768"
    "memorysetup-temp-allocator-size-gi-baking-worker=262144"
    "memorysetup-temp-allocator-size-gfx=262144"
Player connection [2384]  Target information:

Player connection [2384]  * "[IP] 192.168.2.20 [Port] 0 [Flags] 2 [Guid] 433876410 [EditorId] 433876410 [Version] 1048832 [Id] WindowsEditor(7,WSSSBHS) [Debug] 1 [PackageName] WindowsEditor [ProjectName] Editor" 

Player connection [2384] Host joined multi-casting on [225.0.0.222:54997]...
Player connection [2384] Host joined alternative multi-casting on [225.0.0.222:34997]...
[PhysX] Initialized MultithreadedTaskDispatcher with 16 workers.
Refreshing native plugins compatible for Editor in 47.45 ms, found 2 plugins.
Preloading 0 native plugins for Editor in 0.00 ms.
Initialize engine version: 2022.3.55f1c1 (06b99830297d)
[Subsystems] Discovering subsystems at path D:/Unity/2022.3.55f1c1/Editor/Data/Resources/UnitySubsystems
[Subsystems] Discovering subsystems at path D:/Unity/MMORPG/Resource/MyMmo/Src/Client/Assets
GfxDevice: creating device client; threaded=0; jobified=0
Direct3D:
    Version:  Direct3D 11.0 [level 11.1]
    Renderer: NVIDIA GeForce RTX 3060 Laptop GPU (ID=0x2560)
    Vendor:   NVIDIA
    VRAM:     5996 MB
    Driver:   32.0.15.6603
Initialize mono
Mono path[0] = 'D:/Unity/2022.3.55f1c1/Editor/Data/Managed'
Mono path[1] = 'D:/Unity/2022.3.55f1c1/Editor/Data/MonoBleedingEdge/lib/mono/unityjit-win32'
Mono config path = 'D:/Unity/2022.3.55f1c1/Editor/Data/MonoBleedingEdge/etc'
Using monoOptions --debugger-agent=transport=dt_socket,embedding=1,server=y,suspend=n,address=127.0.0.1:56840
Begin MonoManager ReloadAssembly
Registering precompiled unity dll's ...
Register platform support module: D:/Unity/2022.3.55f1c1/Editor/Data/PlaybackEngines/WebGLSupport/UnityEditor.WebGL.Extensions.dll
Register platform support module: D:/Unity/2022.3.55f1c1/Editor/Data/PlaybackEngines/AndroidPlayer/UnityEditor.Android.Extensions.dll
Register platform support module: D:/Unity/2022.3.55f1c1/Editor/Data/PlaybackEngines/WindowsStandaloneSupport/UnityEditor.WindowsStandalone.Extensions.dll
Registered in 0.019831 seconds.
- Loaded All Assemblies, in  0.558 seconds
Native extension for WindowsStandalone target not found
Native extension for Android target not found
Android Extension - Scanning For ADB Devices 1944 ms
Native extension for WebGL target not found
Mono: successfully reloaded assembly
- Finished resetting the current domain, in  2.298 seconds
Domain Reload Profiling: 2856ms
	BeginReloadAssembly (216ms)
		ExecutionOrderSort (0ms)
		DisableScriptedObjects (0ms)
		BackupInstance (0ms)
		ReleaseScriptingObjects (0ms)
		CreateAndSetChildDomain (1ms)
	RebuildCommonClasses (48ms)
	RebuildNativeTypeToScriptingClass (12ms)
	initialDomainReloadingComplete (76ms)
	LoadAllAssembliesAndSetupDomain (206ms)
		LoadAssemblies (219ms)
		RebuildTransferFunctionScriptingTraits (0ms)
		AnalyzeDomain (199ms)
			TypeCache.Refresh (197ms)
				TypeCache.ScanAssembly (180ms)
			ScanForSourceGeneratedMonoScriptInfo (0ms)
			ResolveRequiredComponents (1ms)
	FinalizeReload (2299ms)
		ReleaseScriptCaches (0ms)
		RebuildScriptCaches (0ms)
		SetupLoadedEditorAssemblies (2244ms)
			LogAssemblyErrors (0ms)
			InitializePlatformSupportModulesInManaged (2038ms)
			SetLoadedEditorAssemblies (5ms)
			RefreshPlugins (0ms)
			BeforeProcessingInitializeOnLoad (3ms)
			ProcessInitializeOnLoadAttributes (140ms)
			ProcessInitializeOnLoadMethodAttributes (58ms)
			AfterProcessingInitializeOnLoad (0ms)
			EditorAssembliesLoaded (0ms)
		ExecutionOrderSort2 (0ms)
		AwakeInstancesAfterBackupRestoration (0ms)
========================================================================
Worker process is ready to serve import requests
Caller must complete domain reload
Begin MonoManager ReloadAssembly
Duplicate assembly 'log4net.dll' with different versions detected, using 'Assets/References/log4net.dll, AssemblyName=log4net, Version=2.0.8.0, Culture=neutral, PublicKeyToken=null' and ignoring 'Packages/com.unity.collab-proxy/Lib/Editor/log4netPlastic.dll, AssemblyName=log4net, Version=1.2.15.0, Culture=neutral, PublicKeyToken=669e0ddf0bb1aa2a'.Duplicate assembly 'Newtonsoft.Json.dll' with different versions detected, using 'Packages/com.unity.nuget.newtonsoft-json/Runtime/Newtonsoft.Json.dll, AssemblyName=Newtonsoft.Json, Version=13.0.0.0, Culture=neutral, PublicKeyToken=30ad4fe6b2a6aeed' and ignoring 'Assets/JsonDotNet/Assemblies/Standalone/Newtonsoft.Json.dll, AssemblyName=Newtonsoft.Json, Version=8.0.0.0, Culture=neutral, PublicKeyToken=null'.Symbol file LoadedFromMemory is not a mono symbol file
Symbol file LoadedFromMemory is not a mono symbol file
- Loaded All Assemblies, in  1.070 seconds
Native extension for WindowsStandalone target not found
Native extension for Android target not found
Native extension for WebGL target not found
Mono: successfully reloaded assembly
- Finished resetting the current domain, in  1.025 seconds
Domain Reload Profiling: 2095ms
	BeginReloadAssembly (281ms)
		ExecutionOrderSort (0ms)
		DisableScriptedObjects (5ms)
		BackupInstance (0ms)
		ReleaseScriptingObjects (0ms)
		CreateAndSetChildDomain (26ms)
	RebuildCommonClasses (54ms)
	RebuildNativeTypeToScriptingClass (14ms)
	initialDomainReloadingComplete (60ms)
	LoadAllAssembliesAndSetupDomain (660ms)
		LoadAssemblies (643ms)
		RebuildTransferFunctionScriptingTraits (0ms)
		AnalyzeDomain (234ms)
			TypeCache.Refresh (205ms)
				TypeCache.ScanAssembly (159ms)
			ScanForSourceGeneratedMonoScriptInfo (24ms)
			ResolveRequiredComponents (4ms)
	FinalizeReload (1026ms)
		ReleaseScriptCaches (0ms)
		RebuildScriptCaches (0ms)
		SetupLoadedEditorAssemblies (809ms)
			LogAssemblyErrors (0ms)
			InitializePlatformSupportModulesInManaged (33ms)
			SetLoadedEditorAssemblies (6ms)
			RefreshPlugins (0ms)
			BeforeProcessingInitializeOnLoad (84ms)
			ProcessInitializeOnLoadAttributes (464ms)
			ProcessInitializeOnLoadMethodAttributes (218ms)
			AfterProcessingInitializeOnLoad (3ms)
			EditorAssembliesLoaded (0ms)
		ExecutionOrderSort2 (0ms)
		AwakeInstancesAfterBackupRestoration (19ms)
Launched and connected shader compiler UnityShaderCompiler.exe after 0.15 seconds
Refreshing native plugins compatible for Editor in 27.68 ms, found 2 plugins.
Preloading 0 native plugins for Editor in 0.00 ms.
Unloading 2502 Unused Serialized files (Serialized files now loaded: 0)
Unloading 25 unused Assets / (55.0 KB). Loaded Objects now: 2991.
Memory consumption went from 116.1 MB to 116.0 MB.
Total: 11.444500 ms (FindLiveObjects: 0.688600 ms CreateObjectMapping: 0.519800 ms MarkObjects: 10.082000 ms  DeleteObjects: 0.152800 ms)

AssetImportParameters requested are different than current active one (requested -> active):
  custom:video-decoder-webm-vp8: 9c59270c3fd7afecdb556c50c9e8de78 -> 
  custom:SearchIndexIgnoredProperties: e643bd26f0fe6173181afceb89e7c659 -> 
  custom:container-demuxer-ogg: 62fdf1f143b41e24485cea50d1cbac27 -> 
  custom:AudioImporter_EditorPlatform: d09bf68614088b80899f8185d706f6e7 -> 
  custom:video-codec-MediaFoundation-h265: 746d11721c4dcdbdad8f713fa42b33f4 -> 
  custom:video-decoder-ogg-theora: a1e56fd34408186e4bbccfd4996cb3dc -> 
  custom:framework-win-MediaFoundation: 216162199b28c13a410421893ffa2e32 -> 
  custom:video-encoder-webm-vp8: eb34c28f22e8b96e1ab97ce403110664 -> 
  custom:audio-decoder-ogg-vorbis: bf7c407c2cedff20999df2af8eb42d56 -> 
  custom:CustomObjectIndexerAttribute: 9a22284fe3817be447336de3de66b15e -> 
  custom:container-demuxer-webm: 4f35f7cbe854078d1ac9338744f61a02 -> 
  custom:audio-encoder-webm-vorbis: bf7c407c2cedff20999df2af8eb42d56 -> 
  custom:container-muxer-webm: aa71ff27fc2769a1b78a27578f13a17b -> 
========================================================================
Received Import Request.
  Time since last request: 1295.068650 seconds.
  path: Assets/UI/UI/play.jpg
  artifactKey: Guid(2933a880b99f8a74d8baa2115a3554c9) Importer(815301076,1909f56bfc062723c751e8b465ee728b)
Start importing Assets/UI/UI/play.jpg using Guid(2933a880b99f8a74d8baa2115a3554c9) Importer(815301076,1909f56bfc062723c751e8b465ee728b) [PhysX] Initialized MultithreadedTaskDispatcher with 16 workers.
[PhysX] Initialized MultithreadedTaskDispatcher with 16 workers.
 -> (artifact id: '50621e5e0af967bc983049976646a105') in 0.153961 seconds
Number of updated asset objects reloaded before import = 0
Number of asset objects unloaded after import = 3
========================================================================
Received Import Request.
  Time since last request: 2.109080 seconds.
  path: Assets/UI/UI/Login/ddd.png
  artifactKey: Guid(f1010b968ad51b24e8d88e66ba9f8f1b) Importer(815301076,1909f56bfc062723c751e8b465ee728b)
Start importing Assets/UI/UI/Login/ddd.png using Guid(f1010b968ad51b24e8d88e66ba9f8f1b) Importer(815301076,1909f56bfc062723c751e8b465ee728b) [PhysX] Initialized MultithreadedTaskDispatcher with 16 workers.
[PhysX] Initialized MultithreadedTaskDispatcher with 16 workers.
 -> (artifact id: '758020fae44980e0c13ff4832836a03f') in 0.010118 seconds
Number of updated asset objects reloaded before import = 0
Number of asset objects unloaded after import = 2
========================================================================
Received Import Request.
  Time since last request: 0.000022 seconds.
  path: Assets/UI/UI/Login/g.png
  artifactKey: Guid(b5cba21675bf7174b9f69d1e026eb835) Importer(815301076,1909f56bfc062723c751e8b465ee728b)
Start importing Assets/UI/UI/Login/g.png using Guid(b5cba21675bf7174b9f69d1e026eb835) Importer(815301076,1909f56bfc062723c751e8b465ee728b) [PhysX] Initialized MultithreadedTaskDispatcher with 16 workers.
[PhysX] Initialized MultithreadedTaskDispatcher with 16 workers.
 -> (artifact id: '64fc566192e8c01cca97150c22b29bef') in 0.009477 seconds
Number of updated asset objects reloaded before import = 0
Number of asset objects unloaded after import = 2
========================================================================
Received Import Request.
  Time since last request: 470.148792 seconds.
  path: Assets/UI/UI/Fonts/msyh.ttc
  artifactKey: Guid(90927fa88e4af9f4e9c284e05fa024cc) Importer(815301076,1909f56bfc062723c751e8b465ee728b)
Start importing Assets/UI/UI/Fonts/msyh.ttc using Guid(90927fa88e4af9f4e9c284e05fa024cc) Importer(815301076,1909f56bfc062723c751e8b465ee728b) [PhysX] Initialized MultithreadedTaskDispatcher with 16 workers.
[PhysX] Initialized MultithreadedTaskDispatcher with 16 workers.
[PhysX] Initialized MultithreadedTaskDispatcher with 16 workers.
 -> (artifact id: '53f4cda539eb3017e06c4b8e57599135') in 0.068417 seconds
Number of updated asset objects reloaded before import = 0
Number of asset objects unloaded after import = 4
========================================================================
Received Import Request.
  Time since last request: 0.567958 seconds.
  path: Assets/UI/UI/Icons/icon_error.png
  artifactKey: Guid(e3c786860d81c534dac21f5e41b96b0b) Importer(815301076,1909f56bfc062723c751e8b465ee728b)
Start importing Assets/UI/UI/Icons/icon_error.png using Guid(e3c786860d81c534dac21f5e41b96b0b) Importer(815301076,1909f56bfc062723c751e8b465ee728b) [PhysX] Initialized MultithreadedTaskDispatcher with 16 workers.
[PhysX] Initialized MultithreadedTaskDispatcher with 16 workers.
 -> (artifact id: 'f630948b88e7ac996f29ba1fb059e5d0') in 0.006197 seconds
Number of updated asset objects reloaded before import = 0
Number of asset objects unloaded after import = 2
========================================================================
Received Import Request.
  Time since last request: 0.000174 seconds.
  path: Assets/UI/UI/Icons/icon_question.png
  artifactKey: Guid(6b30943ecc430d44dbc640cb24378669) Importer(815301076,1909f56bfc062723c751e8b465ee728b)
Start importing Assets/UI/UI/Icons/icon_question.png using Guid(6b30943ecc430d44dbc640cb24378669) Importer(815301076,1909f56bfc062723c751e8b465ee728b) [PhysX] Initialized MultithreadedTaskDispatcher with 16 workers.
[PhysX] Initialized MultithreadedTaskDispatcher with 16 workers.
 -> (artifact id: '024b69ef11dc6ccacaa2cb1b8838d376') in 0.006080 seconds
Number of updated asset objects reloaded before import = 0
Number of asset objects unloaded after import = 2
========================================================================
Received Import Request.
  Time since last request: 0.315965 seconds.
  path: Assets/UI/UI/Icons/item_icon_exp2.png
  artifactKey: Guid(3ff996141aaa0454cad0a03d399a21e6) Importer(815301076,1909f56bfc062723c751e8b465ee728b)
Start importing Assets/UI/UI/Icons/item_icon_exp2.png using Guid(3ff996141aaa0454cad0a03d399a21e6) Importer(815301076,1909f56bfc062723c751e8b465ee728b) [PhysX] Initialized MultithreadedTaskDispatcher with 16 workers.
[PhysX] Initialized MultithreadedTaskDispatcher with 16 workers.
 -> (artifact id: '2f03f9605d4b5eb661459ef6ed15d460') in 0.008739 seconds
Number of updated asset objects reloaded before import = 0
Number of asset objects unloaded after import = 2
========================================================================
Received Import Request.
  Time since last request: 0.000028 seconds.
  path: Assets/UI/UI/Icons/item_icon_posion.png
  artifactKey: Guid(7a203e72964a42d4dabb5a141465f94a) Importer(815301076,1909f56bfc062723c751e8b465ee728b)
Start importing Assets/UI/UI/Icons/item_icon_posion.png using Guid(7a203e72964a42d4dabb5a141465f94a) Importer(815301076,1909f56bfc062723c751e8b465ee728b) [PhysX] Initialized MultithreadedTaskDispatcher with 16 workers.
[PhysX] Initialized MultithreadedTaskDispatcher with 16 workers.
 -> (artifact id: '42d171e70b7f09b646125aa1b045b767') in 0.007994 seconds
Number of updated asset objects reloaded before import = 0
Number of asset objects unloaded after import = 2
========================================================================
Received Import Request.
  Time since last request: 0.119137 seconds.
  path: Assets/UI/UI/Login/2.png
  artifactKey: Guid(027b77512f46e5245926698224dd4a9a) Importer(815301076,1909f56bfc062723c751e8b465ee728b)
Start importing Assets/UI/UI/Login/2.png using Guid(027b77512f46e5245926698224dd4a9a) Importer(815301076,1909f56bfc062723c751e8b465ee728b) [PhysX] Initialized MultithreadedTaskDispatcher with 16 workers.
[PhysX] Initialized MultithreadedTaskDispatcher with 16 workers.
 -> (artifact id: '00f2d35d93c4621da651c8e0f40678eb') in 0.007252 seconds
Number of updated asset objects reloaded before import = 0
Number of asset objects unloaded after import = 2
========================================================================
Received Import Request.
  Time since last request: 0.341855 seconds.
  path: Assets/UI/UI/Login/btn_enter_game.png
  artifactKey: Guid(5eef82c0c3e4b7441b6c3d981df5fed6) Importer(815301076,1909f56bfc062723c751e8b465ee728b)
Start importing Assets/UI/UI/Login/btn_enter_game.png using Guid(5eef82c0c3e4b7441b6c3d981df5fed6) Importer(815301076,1909f56bfc062723c751e8b465ee728b) [PhysX] Initialized MultithreadedTaskDispatcher with 16 workers.
[PhysX] Initialized MultithreadedTaskDispatcher with 16 workers.
 -> (artifact id: 'af214e6f452a047fb9baf808be0fdc01') in 0.008851 seconds
Number of updated asset objects reloaded before import = 0
Number of asset objects unloaded after import = 2
========================================================================
Received Import Request.
  Time since last request: 0.000019 seconds.
  path: Assets/UI/UI/Login/back.PNG
  artifactKey: Guid(dc2e4858b2fc28c46a6637a4c90f37b6) Importer(815301076,1909f56bfc062723c751e8b465ee728b)
Start importing Assets/UI/UI/Login/back.PNG using Guid(dc2e4858b2fc28c46a6637a4c90f37b6) Importer(815301076,1909f56bfc062723c751e8b465ee728b) [PhysX] Initialized MultithreadedTaskDispatcher with 16 workers.
[PhysX] Initialized MultithreadedTaskDispatcher with 16 workers.
 -> (artifact id: '125b47f4d97718dc647b992006e9a427') in 0.007545 seconds
Number of updated asset objects reloaded before import = 0
Number of asset objects unloaded after import = 2
========================================================================
Received Import Request.
  Time since last request: 0.000024 seconds.
  path: Assets/UI/UI/Login/b.png
  artifactKey: Guid(017f19eab8c82c14eb8039ac3e89bd0b) Importer(815301076,1909f56bfc062723c751e8b465ee728b)
Start importing Assets/UI/UI/Login/b.png using Guid(017f19eab8c82c14eb8039ac3e89bd0b) Importer(815301076,1909f56bfc062723c751e8b465ee728b) [PhysX] Initialized MultithreadedTaskDispatcher with 16 workers.
[PhysX] Initialized MultithreadedTaskDispatcher with 16 workers.
 -> (artifact id: 'f4ae94e7e1d0b7e535229341193f7277') in 0.007742 seconds
Number of updated asset objects reloaded before import = 0
Number of asset objects unloaded after import = 2
========================================================================
Received Import Request.
  Time since last request: 0.475587 seconds.
  path: Assets/UI/效果/1启动屏幕.jpg
  artifactKey: Guid(88919d51597199a4588741c2a46489cf) Importer(815301076,1909f56bfc062723c751e8b465ee728b)
Start importing Assets/UI/效果/1启动屏幕.jpg using Guid(88919d51597199a4588741c2a46489cf) Importer(815301076,1909f56bfc062723c751e8b465ee728b) [PhysX] Initialized MultithreadedTaskDispatcher with 16 workers.
[PhysX] Initialized MultithreadedTaskDispatcher with 16 workers.
 -> (artifact id: '7349084940b16c9702d1adb90b8574b0') in 0.010713 seconds
Number of updated asset objects reloaded before import = 0
Number of asset objects unloaded after import = 2
========================================================================
Received Import Request.
  Time since last request: 0.000022 seconds.
  path: Assets/UI/效果/3注册页.jpg
  artifactKey: Guid(9f28a97ef40f6894a84b89455fc8053e) Importer(815301076,1909f56bfc062723c751e8b465ee728b)
Start importing Assets/UI/效果/3注册页.jpg using Guid(9f28a97ef40f6894a84b89455fc8053e) Importer(815301076,1909f56bfc062723c751e8b465ee728b) [PhysX] Initialized MultithreadedTaskDispatcher with 16 workers.
[PhysX] Initialized MultithreadedTaskDispatcher with 16 workers.
 -> (artifact id: '720ae8bea5c727c412073a0079cc4268') in 0.012996 seconds
Number of updated asset objects reloaded before import = 0
Number of asset objects unloaded after import = 2
========================================================================
Received Import Request.
  Time since last request: 0.000020 seconds.
  path: Assets/UI/效果/NPC任务对话.jpg
  artifactKey: Guid(0551a6976fad2c04383f2278be4151e2) Importer(815301076,1909f56bfc062723c751e8b465ee728b)
Start importing Assets/UI/效果/NPC任务对话.jpg using Guid(0551a6976fad2c04383f2278be4151e2) Importer(815301076,1909f56bfc062723c751e8b465ee728b) [PhysX] Initialized MultithreadedTaskDispatcher with 16 workers.
[PhysX] Initialized MultithreadedTaskDispatcher with 16 workers.
 -> (artifact id: '00291078a312169f1380633993476517') in 0.009449 seconds
Number of updated asset objects reloaded before import = 0
Number of asset objects unloaded after import = 2
========================================================================
Received Import Request.
  Time since last request: 0.000022 seconds.
  path: Assets/UI/效果/4登录页.jpg
  artifactKey: Guid(0450783706b81734293ed6f1d8c4bba5) Importer(815301076,1909f56bfc062723c751e8b465ee728b)
Start importing Assets/UI/效果/4登录页.jpg using Guid(0450783706b81734293ed6f1d8c4bba5) Importer(815301076,1909f56bfc062723c751e8b465ee728b) [PhysX] Initialized MultithreadedTaskDispatcher with 16 workers.
[PhysX] Initialized MultithreadedTaskDispatcher with 16 workers.
 -> (artifact id: '284a19f1afae7bb632a572d594b1e8ff') in 0.010647 seconds
Number of updated asset objects reloaded before import = 0
Number of asset objects unloaded after import = 2
========================================================================
Received Import Request.
  Time since last request: 1.316235 seconds.
  path: Assets/UI/资源包/loading.jpg
  artifactKey: Guid(20aa64299e751d0489b84bc59a3c6d6c) Importer(815301076,1909f56bfc062723c751e8b465ee728b)
Start importing Assets/UI/资源包/loading.jpg using Guid(20aa64299e751d0489b84bc59a3c6d6c) Importer(815301076,1909f56bfc062723c751e8b465ee728b) [PhysX] Initialized MultithreadedTaskDispatcher with 16 workers.
[PhysX] Initialized MultithreadedTaskDispatcher with 16 workers.
 -> (artifact id: '9e2316d91fa00872f3289f59acdc5c66') in 0.008684 seconds
Number of updated asset objects reloaded before import = 0
Number of asset objects unloaded after import = 2
========================================================================
Received Import Request.
  Time since last request: 0.000029 seconds.
  path: Assets/UI/资源包/start_up_01.png
  artifactKey: Guid(2d7d6b03fbd8a2e4097523fa5907c039) Importer(815301076,1909f56bfc062723c751e8b465ee728b)
Start importing Assets/UI/资源包/start_up_01.png using Guid(2d7d6b03fbd8a2e4097523fa5907c039) Importer(815301076,1909f56bfc062723c751e8b465ee728b) [PhysX] Initialized MultithreadedTaskDispatcher with 16 workers.
[PhysX] Initialized MultithreadedTaskDispatcher with 16 workers.
 -> (artifact id: 'ddea15e91691102844faaf840136dc5b') in 0.007299 seconds
Number of updated asset objects reloaded before import = 0
Number of asset objects unloaded after import = 2
========================================================================
Received Import Request.
  Time since last request: 0.000030 seconds.
  path: Assets/UI/资源包/play.jpg
  artifactKey: Guid(939f1a1436ac59d4ea407c35315438b6) Importer(815301076,1909f56bfc062723c751e8b465ee728b)
Start importing Assets/UI/资源包/play.jpg using Guid(939f1a1436ac59d4ea407c35315438b6) Importer(815301076,1909f56bfc062723c751e8b465ee728b) [PhysX] Initialized MultithreadedTaskDispatcher with 16 workers.
[PhysX] Initialized MultithreadedTaskDispatcher with 16 workers.
 -> (artifact id: '2c785259cd07587dec015709df5a116c') in 0.007473 seconds
Number of updated asset objects reloaded before import = 0
Number of asset objects unloaded after import = 2
========================================================================
Received Import Request.
  Time since last request: 0.000036 seconds.
  path: Assets/UI/资源包/logo.png
  artifactKey: Guid(3a1f0b9ff4aa1b349919d779e8b7ac15) Importer(815301076,1909f56bfc062723c751e8b465ee728b)
Start importing Assets/UI/资源包/logo.png using Guid(3a1f0b9ff4aa1b349919d779e8b7ac15) Importer(815301076,1909f56bfc062723c751e8b465ee728b) [PhysX] Initialized MultithreadedTaskDispatcher with 16 workers.
[PhysX] Initialized MultithreadedTaskDispatcher with 16 workers.
 -> (artifact id: '8adfebc224b7904353aaec35a613ac13') in 0.009323 seconds
Number of updated asset objects reloaded before import = 0
Number of asset objects unloaded after import = 2
========================================================================
Received Import Request.
  Time since last request: 0.000051 seconds.
  path: Assets/UI/资源包/register.jpg
  artifactKey: Guid(cf36f5c18b1b09d4a8318d5c175fa346) Importer(815301076,1909f56bfc062723c751e8b465ee728b)
Start importing Assets/UI/资源包/register.jpg using Guid(cf36f5c18b1b09d4a8318d5c175fa346) Importer(815301076,1909f56bfc062723c751e8b465ee728b) [PhysX] Initialized MultithreadedTaskDispatcher with 16 workers.
[PhysX] Initialized MultithreadedTaskDispatcher with 16 workers.
 -> (artifact id: '431db7bf4f66eb27b9fd1e8a52ef99fc') in 0.008050 seconds
Number of updated asset objects reloaded before import = 0
Number of asset objects unloaded after import = 2
========================================================================
Received Import Request.
  Time since last request: 0.546602 seconds.
  path: Assets/UI/资源包/start_up_bg.jpg
  artifactKey: Guid(86b8b9fb8b5a6f842b35fb78e6ba78ff) Importer(815301076,1909f56bfc062723c751e8b465ee728b)
Start importing Assets/UI/资源包/start_up_bg.jpg using Guid(86b8b9fb8b5a6f842b35fb78e6ba78ff) Importer(815301076,1909f56bfc062723c751e8b465ee728b) [PhysX] Initialized MultithreadedTaskDispatcher with 16 workers.
[PhysX] Initialized MultithreadedTaskDispatcher with 16 workers.
 -> (artifact id: 'a065f9f552bcdbf722ec571ea47881be') in 0.008490 seconds
Number of updated asset objects reloaded before import = 0
Number of asset objects unloaded after import = 2
========================================================================
Received Import Request.
  Time since last request: 2.425696 seconds.
  path: Assets/UI/UI/bg01.png
  artifactKey: Guid(56ff64b8da8b11c4c91a3181cc0fcf9c) Importer(815301076,1909f56bfc062723c751e8b465ee728b)
Start importing Assets/UI/UI/bg01.png using Guid(56ff64b8da8b11c4c91a3181cc0fcf9c) Importer(815301076,1909f56bfc062723c751e8b465ee728b) [PhysX] Initialized MultithreadedTaskDispatcher with 16 workers.
[PhysX] Initialized MultithreadedTaskDispatcher with 16 workers.
 -> (artifact id: '724f22f748914ecf5d171a8d25528c51') in 0.017403 seconds
Number of updated asset objects reloaded before import = 0
Number of asset objects unloaded after import = 3
========================================================================
Received Import Request.
  Time since last request: 0.011619 seconds.
  path: Assets/UI/UI/loading.jpg
  artifactKey: Guid(4bc340ac945c70148bfbcea3c23d2651) Importer(815301076,1909f56bfc062723c751e8b465ee728b)
Start importing Assets/UI/UI/loading.jpg using Guid(4bc340ac945c70148bfbcea3c23d2651) Importer(815301076,1909f56bfc062723c751e8b465ee728b) [PhysX] Initialized MultithreadedTaskDispatcher with 16 workers.
[PhysX] Initialized MultithreadedTaskDispatcher with 16 workers.
 -> (artifact id: '32ba7a69b80509ca9fc99d43f7e56d44') in 0.017003 seconds
Number of updated asset objects reloaded before import = 0
Number of asset objects unloaded after import = 3
========================================================================
Received Import Request.
  Time since last request: 0.355249 seconds.
  path: Assets/UI/UI/loading_bar.png
  artifactKey: Guid(a377e8ee20830c04b91b3601c93ad9dc) Importer(815301076,1909f56bfc062723c751e8b465ee728b)
Start importing Assets/UI/UI/loading_bar.png using Guid(a377e8ee20830c04b91b3601c93ad9dc) Importer(815301076,1909f56bfc062723c751e8b465ee728b) [PhysX] Initialized MultithreadedTaskDispatcher with 16 workers.
[PhysX] Initialized MultithreadedTaskDispatcher with 16 workers.
 -> (artifact id: '0cdd96fd2b570d99aeb4e68087abd44d') in 0.013506 seconds
Number of updated asset objects reloaded before import = 0
Number of asset objects unloaded after import = 3
========================================================================
Received Import Request.
  Time since last request: 0.015015 seconds.
  path: Assets/UI/UI/loading_bg.png
  artifactKey: Guid(1e9eec2737656914fb1982844b388e34) Importer(815301076,1909f56bfc062723c751e8b465ee728b)
Start importing Assets/UI/UI/loading_bg.png using Guid(1e9eec2737656914fb1982844b388e34) Importer(815301076,1909f56bfc062723c751e8b465ee728b) [PhysX] Initialized MultithreadedTaskDispatcher with 16 workers.
[PhysX] Initialized MultithreadedTaskDispatcher with 16 workers.
 -> (artifact id: '65cf4fd969d2fb8db236f00222519d02') in 0.011668 seconds
Number of updated asset objects reloaded before import = 0
Number of asset objects unloaded after import = 3
========================================================================
Received Import Request.
  Time since last request: 154.054486 seconds.
  path: Assets/UI/UI/loading_bg.png
  artifactKey: Guid(1e9eec2737656914fb1982844b388e34) Importer(815301076,1909f56bfc062723c751e8b465ee728b)
Start importing Assets/UI/UI/loading_bg.png using Guid(1e9eec2737656914fb1982844b388e34) Importer(815301076,1909f56bfc062723c751e8b465ee728b) [PhysX] Initialized MultithreadedTaskDispatcher with 16 workers.
[PhysX] Initialized MultithreadedTaskDispatcher with 16 workers.
 -> (artifact id: 'cb817899591ed04faec0624a233dd36e') in 0.018579 seconds
Number of updated asset objects reloaded before import = 0
Number of asset objects unloaded after import = 3
========================================================================
Received Import Request.
  Time since last request: 74.519144 seconds.
  path: Assets/UI/UI/loading_bg.png
  artifactKey: Guid(1e9eec2737656914fb1982844b388e34) Importer(815301076,1909f56bfc062723c751e8b465ee728b)
Start importing Assets/UI/UI/loading_bg.png using Guid(1e9eec2737656914fb1982844b388e34) Importer(815301076,1909f56bfc062723c751e8b465ee728b) [PhysX] Initialized MultithreadedTaskDispatcher with 16 workers.
[PhysX] Initialized MultithreadedTaskDispatcher with 16 workers.
 -> (artifact id: '6de055c25a6349302fc220e1af493b81') in 0.009732 seconds
Number of updated asset objects reloaded before import = 0
Number of asset objects unloaded after import = 3
========================================================================
Received Import Request.
  Time since last request: 200.671294 seconds.
  path: Assets/UI/UI/loading_bg.png
  artifactKey: Guid(1e9eec2737656914fb1982844b388e34) Importer(815301076,1909f56bfc062723c751e8b465ee728b)
Start importing Assets/UI/UI/loading_bg.png using Guid(1e9eec2737656914fb1982844b388e34) Importer(815301076,1909f56bfc062723c751e8b465ee728b) [PhysX] Initialized MultithreadedTaskDispatcher with 16 workers.
[PhysX] Initialized MultithreadedTaskDispatcher with 16 workers.
 -> (artifact id: 'e0b4b8b8d29e0369464f279989e829a7') in 0.009614 seconds
Number of updated asset objects reloaded before import = 0
Number of asset objects unloaded after import = 3
========================================================================
Received Import Request.
  Time since last request: 6.086446 seconds.
  path: Assets/UI/UI/loading_bg.png
  artifactKey: Guid(1e9eec2737656914fb1982844b388e34) Importer(815301076,1909f56bfc062723c751e8b465ee728b)
Start importing Assets/UI/UI/loading_bg.png using Guid(1e9eec2737656914fb1982844b388e34) Importer(815301076,1909f56bfc062723c751e8b465ee728b) [PhysX] Initialized MultithreadedTaskDispatcher with 16 workers.
[PhysX] Initialized MultithreadedTaskDispatcher with 16 workers.
 -> (artifact id: '60801047c2ce9a35a14258c1e189bb66') in 0.008665 seconds
Number of updated asset objects reloaded before import = 0
Number of asset objects unloaded after import = 3
========================================================================
Received Import Request.
  Time since last request: 3.771240 seconds.
  path: Assets/UI/UI/loading_bg.png
  artifactKey: Guid(1e9eec2737656914fb1982844b388e34) Importer(815301076,1909f56bfc062723c751e8b465ee728b)
Start importing Assets/UI/UI/loading_bg.png using Guid(1e9eec2737656914fb1982844b388e34) Importer(815301076,1909f56bfc062723c751e8b465ee728b) [PhysX] Initialized MultithreadedTaskDispatcher with 16 workers.
[PhysX] Initialized MultithreadedTaskDispatcher with 16 workers.
 -> (artifact id: '1cd35664c51c670803f48ebda015ee22') in 0.019873 seconds
Number of updated asset objects reloaded before import = 0
Number of asset objects unloaded after import = 3
========================================================================
Received Import Request.
  Time since last request: 1443.124251 seconds.
  path: Assets/UI/UI/loading_bar.png
  artifactKey: Guid(a377e8ee20830c04b91b3601c93ad9dc) Importer(815301076,1909f56bfc062723c751e8b465ee728b)
Start importing Assets/UI/UI/loading_bar.png using Guid(a377e8ee20830c04b91b3601c93ad9dc) Importer(815301076,1909f56bfc062723c751e8b465ee728b) [PhysX] Initialized MultithreadedTaskDispatcher with 16 workers.
[PhysX] Initialized MultithreadedTaskDispatcher with 16 workers.
 -> (artifact id: '4eab4df563ffbcb4780e0b1bc28617e6') in 0.041825 seconds
Number of updated asset objects reloaded before import = 0
Number of asset objects unloaded after import = 3
========================================================================
Received Import Request.
  Time since last request: 402.563696 seconds.
  path: Assets/UI/UI/Fonts
  artifactKey: Guid(32ff7deccab52684999ae1066b92bd7d) Importer(815301076,1909f56bfc062723c751e8b465ee728b)
Start importing Assets/UI/UI/Fonts using Guid(32ff7deccab52684999ae1066b92bd7d) Importer(815301076,1909f56bfc062723c751e8b465ee728b) [PhysX] Initialized MultithreadedTaskDispatcher with 16 workers.
 -> (artifact id: 'e827498763bac629e5ff55321920ad38') in 0.000607 seconds
Number of updated asset objects reloaded before import = 0
Number of asset objects unloaded after import = 0
========================================================================
Received Import Request.
  Time since last request: 23.894885 seconds.
  path: Assets/UI/UI/Fonts/New Font.fontsettings
  artifactKey: Guid(10a28b46dfaa1864582eb22984e64243) Importer(815301076,1909f56bfc062723c751e8b465ee728b)
Start importing Assets/UI/UI/Fonts/New Font.fontsettings using Guid(10a28b46dfaa1864582eb22984e64243) Importer(815301076,1909f56bfc062723c751e8b465ee728b) [PhysX] Initialized MultithreadedTaskDispatcher with 16 workers.
 -> (artifact id: 'ee0d0d46eec908fd4913efd935434ed1') in 0.001371 seconds
Number of updated asset objects reloaded before import = 0
Number of asset objects unloaded after import = 1
========================================================================
Received Import Request.
  Time since last request: 11.503502 seconds.
  path: Assets/UI/UI/Fonts/numbers.fontsettings
  artifactKey: Guid(10a28b46dfaa1864582eb22984e64243) Importer(815301076,1909f56bfc062723c751e8b465ee728b)
Start importing Assets/UI/UI/Fonts/numbers.fontsettings using Guid(10a28b46dfaa1864582eb22984e64243) Importer(815301076,1909f56bfc062723c751e8b465ee728b) [PhysX] Initialized MultithreadedTaskDispatcher with 16 workers.
 -> (artifact id: '7461bd823bf13418a7eb4a2a25cf8220') in 0.001225 seconds
Number of updated asset objects reloaded before import = 0
Number of asset objects unloaded after import = 1
========================================================================
Received Import Request.
  Time since last request: 107.899755 seconds.
  path: Assets/UI/UI/Fonts/numbers.mat
  artifactKey: Guid(11a161c37292add48a437fade1f9811f) Importer(815301076,1909f56bfc062723c751e8b465ee728b)
Start importing Assets/UI/UI/Fonts/numbers.mat using Guid(11a161c37292add48a437fade1f9811f) Importer(815301076,1909f56bfc062723c751e8b465ee728b) [PhysX] Initialized MultithreadedTaskDispatcher with 16 workers.
[PhysX] Initialized MultithreadedTaskDispatcher with 16 workers.
 -> (artifact id: '2350b6b2c5d6ae165c08e9f439d4ed2d') in 0.232030 seconds
Number of updated asset objects reloaded before import = 0
Number of asset objects unloaded after import = 1
========================================================================
Received Import Request.
  Time since last request: 5.634952 seconds.
  path: Assets/UI/UI/Fonts/numbers1.fontsettings
  artifactKey: Guid(10a28b46dfaa1864582eb22984e64243) Importer(815301076,1909f56bfc062723c751e8b465ee728b)
Start importing Assets/UI/UI/Fonts/numbers1.fontsettings using Guid(10a28b46dfaa1864582eb22984e64243) Importer(815301076,1909f56bfc062723c751e8b465ee728b) [PhysX] Initialized MultithreadedTaskDispatcher with 16 workers.
 -> (artifact id: '272d6611830f5c32f2072809415b7b67') in 0.001207 seconds
Number of updated asset objects reloaded before import = 0
Number of asset objects unloaded after import = 1
========================================================================
Received Import Request.
  Time since last request: 4.053712 seconds.
  path: Assets/UI/UI/Fonts/numbers1.mat
  artifactKey: Guid(11a161c37292add48a437fade1f9811f) Importer(815301076,1909f56bfc062723c751e8b465ee728b)
Start importing Assets/UI/UI/Fonts/numbers1.mat using Guid(11a161c37292add48a437fade1f9811f) Importer(815301076,1909f56bfc062723c751e8b465ee728b) [PhysX] Initialized MultithreadedTaskDispatcher with 16 workers.
[PhysX] Initialized MultithreadedTaskDispatcher with 16 workers.
 -> (artifact id: '9145ab7c5f301dea1232db0e77dc02f1') in 0.007872 seconds
Number of updated asset objects reloaded before import = 0
Number of asset objects unloaded after import = 1
========================================================================
Received Import Request.
  Time since last request: 20800.217379 seconds.
  path: Assets/Levels/Test.unity
  artifactKey: Guid(b17e3a7b7bff9564ebea2eb1825bb960) Importer(815301076,1909f56bfc062723c751e8b465ee728b)
Start importing Assets/Levels/Test.unity using Guid(b17e3a7b7bff9564ebea2eb1825bb960) Importer(815301076,1909f56bfc062723c751e8b465ee728b) [PhysX] Initialized MultithreadedTaskDispatcher with 16 workers.
 -> (artifact id: '39e145ef2568a5799a3890caf08517f0') in 0.013991 seconds
Number of updated asset objects reloaded before import = 0
Number of asset objects unloaded after import = 0
========================================================================
Received Import Request.
  Time since last request: 226.558941 seconds.
  path: Assets/Models/Characters/Archer/Archer.FBX
  artifactKey: Guid(c9d8afea1d6f5614485dd29f43645b28) Importer(815301076,1909f56bfc062723c751e8b465ee728b)
Start importing Assets/Models/Characters/Archer/Archer.FBX using Guid(c9d8afea1d6f5614485dd29f43645b28) Importer(815301076,1909f56bfc062723c751e8b465ee728b) [PhysX] Initialized MultithreadedTaskDispatcher with 16 workers.
[PhysX] Initialized MultithreadedTaskDispatcher with 16 workers.
[PhysX] Initialized MultithreadedTaskDispatcher with 16 workers.
[PhysX] Initialized MultithreadedTaskDispatcher with 16 workers.
[PhysX] Initialized MultithreadedTaskDispatcher with 16 workers.
[PhysX] Initialized MultithreadedTaskDispatcher with 16 workers.
[PhysX] Initialized MultithreadedTaskDispatcher with 16 workers.
 -> (artifact id: 'cbfe707238873ccbeb4231784b54dea5') in 0.765203 seconds
Number of updated asset objects reloaded before import = 0
Number of asset objects unloaded after import = 168
========================================================================
Received Import Request.
  Time since last request: 105.107791 seconds.
  path: Assets/Scripts/LoadingManager.cs
  artifactKey: Guid(b09743d2a886c6b4f9146874485c8567) Importer(815301076,1909f56bfc062723c751e8b465ee728b)
Start importing Assets/Scripts/LoadingManager.cs using Guid(b09743d2a886c6b4f9146874485c8567) Importer(815301076,1909f56bfc062723c751e8b465ee728b) [PhysX] Initialized MultithreadedTaskDispatcher with 16 workers.
 -> (artifact id: '31587c422baba5f7c5361e0cae4344c3') in 0.001727 seconds
Number of updated asset objects reloaded before import = 0
Number of asset objects unloaded after import = 0
